2019-05-04 13:01:10 INFO pool-1-thread-1 - Read data from surgeryData.txt
2019-05-04 13:01:10 INFO pool-1-thread-1 - surgeryData.txt read over
2019-05-04 13:02:39 INFO pool-1-thread-1 - Read data from surgeryData.txt
2019-05-04 13:02:39 INFO pool-1-thread-1 - surgeryData.txt read over
2019-05-04 13:24:55 INFO pool-1-thread-1 - Read data from surgeryData.txt
2019-05-04 13:24:55 INFO pool-1-thread-1 - surgeryData.txt read over
2019-05-04 13:28:49 INFO pool-1-thread-1 - break
2019-05-04 13:31:39 INFO main - als data path: /Users/imddon/alsprj/alsprj-access/data
2019-05-04 13:31:43 INFO pool-1-thread-1 - Read data from surgeryData.txt
2019-05-04 13:31:43 INFO pool-1-thread-1 - surgeryData.txt read over
2019-05-04 13:33:49 INFO pool-1-thread-1 - Read data from surgeryData.txt
2019-05-04 13:33:49 INFO pool-1-thread-1 - surgeryData.txt read over
2019-05-04 13:33:57 INFO pool-1-thread-1 - Read data from surgeryData.txt
2019-05-04 13:33:57 INFO pool-1-thread-1 - surgeryData.txt read over
2019-05-04 13:34:21 INFO pool-1-thread-1 - Read data from surgeryData.txt
2019-05-04 13:34:21 INFO pool-1-thread-1 - surgeryData.txt read over
2019-05-04 13:36:37 INFO pool-1-thread-1 - Read data from surgeryData.txt
2019-05-04 13:36:37 INFO pool-1-thread-1 - surgeryData.txt read over
2019-05-04 13:41:42 INFO pool-1-thread-1 - Read data from surgeryData.txt
2019-05-04 13:41:42 ERROR pool-1-thread-1 - socket Connect lost send data failed
java.net.SocketException: Broken pipe (Write failed)
	at java.base/java.net.SocketOutputStream.socketWrite0(Native Method)
	at java.base/java.net.SocketOutputStream.socketWrite(SocketOutputStream.java:111)
	at java.base/java.net.SocketOutputStream.write(SocketOutputStream.java:155)
	at java.base/sun.nio.cs.StreamEncoder.writeBytes(StreamEncoder.java:233)
	at java.base/sun.nio.cs.StreamEncoder.implFlushBuffer(StreamEncoder.java:312)
	at java.base/sun.nio.cs.StreamEncoder.implFlush(StreamEncoder.java:316)
	at java.base/sun.nio.cs.StreamEncoder.flush(StreamEncoder.java:153)
	at java.base/java.io.OutputStreamWriter.flush(OutputStreamWriter.java:254)
	at java.base/java.io.BufferedWriter.flush(BufferedWriter.java:257)
	at zju.edu.als.client.DataSenderManager.sendData(DataSenderManager.java:40)
	at zju.edu.als.client.ALSFileTail.run(ALSFileTail.java:63)
	at java.base/java.util.concurrent.ThreadPoolExecutor.runWorker(ThreadPoolExecutor.java:1135)
	at java.base/java.util.concurrent.ThreadPoolExecutor$Worker.run(ThreadPoolExecutor.java:635)
	at java.base/java.lang.Thread.run(Thread.java:844)
2019-05-04 13:41:42 INFO pool-1-thread-1 - surgeryData.txt read over
2019-05-04 13:41:47 INFO pool-1-thread-1 - break
2019-05-04 13:41:55 INFO main - als data path: /Users/imddon/alsprj/alsprj-access/data
2019-05-04 13:42:08 INFO pool-1-thread-1 - Read data from surgeryData.txt
2019-05-04 13:42:08 INFO pool-1-thread-1 - surgeryData.txt read over
2019-05-04 13:48:17 INFO pool-1-thread-1 - Read data from surgeryData.txt
2019-05-04 13:48:17 INFO pool-1-thread-1 - surgeryData.txt read over
2019-05-04 13:52:49 INFO pool-1-thread-1 - Read data from surgeryData.txt
2019-05-04 13:52:49 INFO pool-1-thread-1 - surgeryData.txt read over
2019-05-04 13:53:12 INFO pool-1-thread-1 - Read data from surgeryData.txt
2019-05-04 13:53:12 INFO pool-1-thread-1 - surgeryData.txt read over
2019-05-04 13:55:01 INFO pool-1-thread-1 - Read data from surgeryData.txt
2019-05-04 13:55:01 INFO pool-1-thread-1 - surgeryData.txt read over
2019-05-04 13:55:03 INFO pool-1-thread-1 - Read data from surgeryData.txt
2019-05-04 13:55:03 INFO pool-1-thread-1 - surgeryData.txt read over
2019-05-04 13:56:34 INFO pool-1-thread-1 - Read data from surgeryData.txt
2019-05-04 13:56:34 INFO pool-1-thread-1 - surgeryData.txt read over
2019-05-04 13:56:40 INFO pool-1-thread-1 - Read data from surgeryData.txt
2019-05-04 13:56:40 INFO pool-1-thread-1 - surgeryData.txt read over
2019-05-04 13:56:44 INFO pool-1-thread-1 - Read data from surgeryData.txt
2019-05-04 13:56:44 INFO pool-1-thread-1 - surgeryData.txt read over
2019-05-04 13:56:50 INFO pool-1-thread-1 - Read data from surgeryData.txt
2019-05-04 13:56:50 INFO pool-1-thread-1 - surgeryData.txt read over
