2019-05-04 12:20:31 INFO main - The ALS Could System is Starting....
2019-05-04 12:20:31 INFO main - Connected to The Server als-server.zju.edu.cn
2019-05-04 12:21:24 INFO pool-3-thread-1 - ClientHandler : adfasdfasdfsadfasdfsa''
2019-05-04 12:21:44 INFO pool-3-thread-1 - ClientHandler : hello
2019-05-04 12:24:10 INFO main - als data path: /data
2019-05-04 12:25:16 INFO main - als data path: /Users/imddon/alsprj/alsprj-access/data
2019-05-04 12:25:17 INFO pool-1-thread-1 - Read data from surgeryData.txt
2019-05-04 12:25:17 INFO pool-1-thread-1 - surgeryData.txt read over
2019-05-04 12:26:46 INFO pool-1-thread-1 - Read data from surgeryData.txt
2019-05-04 12:26:46 INFO pool-1-thread-1 - surgeryData.txt read over
2019-05-04 12:28:21 INFO main - The ALS Could System is Starting....
2019-05-04 12:28:21 INFO main - Connected to The Server als-server.zju.edu.cn
2019-05-04 12:28:30 INFO pool-1-thread-1 - break
2019-05-04 12:28:38 INFO main - als data path: /Users/imddon/alsprj/alsprj-access/data
2019-05-04 12:28:39 INFO pool-1-thread-1 - Read data from surgeryData.txt
2019-05-04 12:28:39 INFO pool-2-thread-1 - ClientHandler : DATA:{"cumulativeTime":31,"dBPT":10,"dDPT":44,"dFP2T":33,"dFPT":6,"dP1st":61,"dP2nd":16,"dP3rd":67,"dPacc":38,"dPart":49,"dPven":44,"dRPT":50,"dSPT":58,"dTMP":84,"iBPSpeed":79,"iCPSpeed":53,"iDPSpeed":2,"iFP2SPeed":2,"iFPSpeed":0,"iRPSpeed":2,"iSPSpeed":76,"id":0,"surgeryNo":"161202162548","timestamp":1525415656061,"warmer":83}
2019-05-04 12:28:39 INFO pool-2-thread-1 - ClientHandler : DATA:{"cumulativeTime":85,"dBPT":33,"dDPT":91,"dFP2T":16,"dFPT":83,"dP1st":77,"dP2nd":53,"dP3rd":26,"dPacc":21,"dPart":3,"dPven":51,"dRPT":81,"dSPT":72,"dTMP":87,"iBPSpeed":47,"iCPSpeed":60,"iDPSpeed":73,"iFP2SPeed":86,"iFPSpeed":0,"iRPSpeed":82,"iSPSpeed":18,"id":0,"surgeryNo":"161202162548","timestamp":1525415661061,"warmer":61}
2019-05-04 12:28:39 INFO pool-2-thread-1 - ClientHandler : DATA:{"cumulativeTime":31,"dBPT":10,"dDPT":44,"dFP2T":33,"dFPT":6,"dP1st":61,"dP2nd":16,"dP3rd":67,"dPacc":38,"dPart":49,"dPven":44,"dRPT":50,"dSPT":58,"dTMP":84,"iBPSpeed":79,"iCPSpeed":53,"iDPSpeed":2,"iFP2SPeed":2,"iFPSpeed":0,"iRPSpeed":2,"iSPSpeed":76,"id":0,"surgeryNo":"161202162548","timestamp":1525415656061,"warmer":83}
2019-05-04 12:28:39 INFO pool-2-thread-1 - ClientHandler : DATA:{"cumulativeTime":85,"dBPT":33,"dDPT":91,"dFP2T":16,"dFPT":83,"dP1st":77,"dP2nd":53,"dP3rd":26,"dPacc":21,"dPart":3,"dPven":51,"dRPT":81,"dSPT":72,"dTMP":87,"iBPSpeed":47,"iCPSpeed":60,"iDPSpeed":73,"iFP2SPeed":86,"iFPSpeed":0,"iRPSpeed":82,"iSPSpeed":18,"id":0,"surgeryNo":"161202162548","timestamp":1525415661061,"warmer":61}
2019-05-04 12:28:39 INFO pool-2-thread-1 - ClientHandler : DATA:{"cumulativeTime":31,"dBPT":10,"dDPT":44,"dFP2T":33,"dFPT":6,"dP1st":61,"dP2nd":16,"dP3rd":67,"dPacc":38,"dPart":49,"dPven":44,"dRPT":50,"dSPT":58,"dTMP":84,"iBPSpeed":79,"iCPSpeed":53,"iDPSpeed":2,"iFP2SPeed":2,"iFPSpeed":0,"iRPSpeed":2,"iSPSpeed":76,"id":0,"surgeryNo":"161202162548","timestamp":1525415656061,"warmer":83}
2019-05-04 12:28:39 INFO pool-2-thread-1 - ClientHandler : DATA:{"cumulativeTime":85,"dBPT":33,"dDPT":91,"dFP2T":16,"dFPT":83,"dP1st":77,"dP2nd":53,"dP3rd":26,"dPacc":21,"dPart":3,"dPven":51,"dRPT":81,"dSPT":72,"dTMP":87,"iBPSpeed":47,"iCPSpeed":60,"iDPSpeed":73,"iFP2SPeed":86,"iFPSpeed":0,"iRPSpeed":82,"iSPSpeed":18,"id":0,"surgeryNo":"161202162548","timestamp":1525415661061,"warmer":61}
2019-05-04 12:28:39 INFO pool-2-thread-1 - ClientHandler : DATA:{"cumulativeTime":31,"dBPT":10,"dDPT":44,"dFP2T":33,"dFPT":6,"dP1st":61,"dP2nd":16,"dP3rd":67,"dPacc":38,"dPart":49,"dPven":44,"dRPT":50,"dSPT":58,"dTMP":84,"iBPSpeed":79,"iCPSpeed":53,"iDPSpeed":2,"iFP2SPeed":2,"iFPSpeed":0,"iRPSpeed":2,"iSPSpeed":76,"id":0,"surgeryNo":"161202162548","timestamp":1525415656061,"warmer":83}
2019-05-04 12:28:39 INFO pool-1-thread-1 - surgeryData.txt read over
2019-05-04 12:32:30 INFO pool-1-thread-1 - Read data from surgeryData.txt
2019-05-04 12:32:30 INFO pool-2-thread-1 - ClientHandler : DATA:{"cumulativeTime":31,"dBPT":10,"dDPT":44,"dFP2T":33,"dFPT":6,"dP1st":61,"dP2nd":16,"dP3rd":67,"dPacc":38,"dPart":49,"dPven":44,"dRPT":50,"dSPT":58,"dTMP":84,"iBPSpeed":79,"iCPSpeed":53,"iDPSpeed":2,"iFP2SPeed":2,"iFPSpeed":0,"iRPSpeed":2,"iSPSpeed":76,"id":0,"surgeryNo":"161202162548","timestamp":1525415656061,"warmer":83}
2019-05-04 12:32:30 INFO pool-1-thread-1 - surgeryData.txt read over
2019-05-04 12:32:41 INFO pool-1-thread-1 - break
2019-05-04 12:32:50 INFO main - als data path: /Users/imddon/alsprj/alsprj-access/data
2019-05-04 12:33:01 INFO pool-1-thread-1 - Read data from surgeryData.txt
2019-05-04 12:33:01 INFO pool-2-thread-1 - ClientHandler : 
2019-05-04 12:33:01 INFO pool-2-thread-1 - ClientHandler : DATA:{"cumulativeTime":31,"dBPT":10,"dDPT":44,"dFP2T":33,"dFPT":6,"dP1st":61,"dP2nd":16,"dP3rd":67,"dPacc":38,"dPart":49,"dPven":44,"dRPT":50,"dSPT":58,"dTMP":84,"iBPSpeed":79,"iCPSpeed":53,"iDPSpeed":2,"iFP2SPeed":2,"iFPSpeed":0,"iRPSpeed":2,"iSPSpeed":76,"id":0,"surgeryNo":"161202162548","timestamp":1525415656061,"warmer":83}
2019-05-04 12:33:01 INFO pool-1-thread-1 - surgeryData.txt read over
2019-05-04 12:34:49 INFO pool-1-thread-1 - Read data from surgeryData.txt
2019-05-04 12:34:49 INFO pool-2-thread-1 - ClientHandler : 
2019-05-04 12:34:49 INFO pool-2-thread-1 - ClientHandler : DATA:{"cumulativeTime":31,"dBPT":10,"dDPT":44,"dFP2T":33,"dFPT":6,"dP1st":61,"dP2nd":16,"dP3rd":67,"dPacc":38,"dPart":49,"dPven":44,"dRPT":50,"dSPT":58,"dTMP":84,"iBPSpeed":79,"iCPSpeed":53,"iDPSpeed":2,"iFP2SPeed":2,"iFPSpeed":0,"iRPSpeed":2,"iSPSpeed":76,"id":0,"surgeryNo":"161202162548","timestamp":1525415656061,"warmer":83}
2019-05-04 12:34:49 INFO pool-2-thread-1 - ClientHandler : DATA:{"cumulativeTime":31,"dBPT":10,"dDPT":44,"dFP2T":33,"dFPT":6,"dP1st":61,"dP2nd":16,"dP3rd":67,"dPacc":38,"dPart":49,"dPven":44,"dRPT":50,"dSPT":58,"dTMP":84,"iBPSpeed":79,"iCPSpeed":53,"iDPSpeed":2,"iFP2SPeed":2,"iFPSpeed":0,"iRPSpeed":2,"iSPSpeed":76,"id":0,"surgeryNo":"161202162548","timestamp":1525415656061,"warmer":83}
2019-05-04 12:34:49 INFO pool-1-thread-1 - surgeryData.txt read over
2019-05-04 12:34:49 INFO pool-2-thread-1 - ClientHandler : DATA:{"cumulativeTime":31,"dBPT":10,"dDPT":44,"dFP2T":33,"dFPT":6,"dP1st":61,"dP2nd":16,"dP3rd":67,"dPacc":38,"dPart":49,"dPven":44,"dRPT":50,"dSPT":58,"dTMP":84,"iBPSpeed":79,"iCPSpeed":53,"iDPSpeed":2,"iFP2SPeed":2,"iFPSpeed":0,"iRPSpeed":2,"iSPSpeed":76,"id":0,"surgeryNo":"161202162548","timestamp":1525415656061,"warmer":83}
2019-05-04 12:34:54 INFO pool-3-thread-1 - rebuild socket connect
2019-05-04 12:34:59 INFO pool-3-thread-1 - rebuild socket connect
2019-05-04 12:35:04 INFO pool-3-thread-1 - rebuild socket connect
2019-05-04 12:35:09 INFO pool-3-thread-1 - rebuild socket connect
2019-05-04 12:35:14 INFO pool-3-thread-1 - rebuild socket connect
2019-05-04 12:35:19 INFO pool-3-thread-1 - rebuild socket connect
2019-05-04 12:35:24 INFO pool-3-thread-1 - rebuild socket connect
2019-05-04 12:35:24 INFO pool-3-thread-1 - Connected to The Server als-server.zju.edu.cn
2019-05-04 12:37:28 INFO pool-1-thread-1 - Read data from surgeryData.txt
2019-05-04 12:37:28 INFO pool-1-thread-1 - surgeryData.txt read over
2019-05-04 12:37:49 INFO pool-1-thread-1 - break
2019-05-04 12:37:57 INFO main - als data path: /Users/imddon/alsprj/alsprj-access/data
2019-05-04 12:38:19 INFO pool-1-thread-1 - Read data from surgeryData.txt
2019-05-04 12:38:19 INFO pool-1-thread-1 - surgeryData.txt read over
2019-05-04 12:38:35 INFO pool-1-thread-1 - Read data from surgeryData.txt
2019-05-04 12:38:35 INFO pool-1-thread-1 - surgeryData.txt read over
2019-05-04 12:39:40 INFO pool-1-thread-1 - Read data from surgeryData.txt
2019-05-04 12:39:40 INFO pool-1-thread-1 - surgeryData.txt read over
2019-05-04 12:40:21 INFO main - als data path: /Users/imddon/alsprj/alsprj-access/data
2019-05-04 12:40:35 INFO pool-1-thread-1 - Read data from surgeryData.txt
2019-05-04 12:40:35 INFO pool-1-thread-1 - surgeryData.txt read over
2019-05-04 12:40:35 INFO pool-1-thread-1 - Read data from surgeryData.txt
2019-05-04 12:40:35 INFO pool-1-thread-1 - surgeryData.txt read over
2019-05-04 12:41:15 INFO pool-1-thread-1 - break
2019-05-04 12:41:17 INFO pool-1-thread-1 - break
2019-05-04 12:42:13 INFO main - als data path: /Users/imddon/alsprj/alsprj-access/data
2019-05-04 12:42:24 INFO pool-1-thread-1 - Read data from surgeryData.txt
2019-05-04 12:42:24 INFO pool-1-thread-1 - surgeryData.txt read over
2019-05-04 12:42:40 INFO pool-1-thread-1 - Read data from surgeryData.txt
2019-05-04 12:42:40 INFO pool-1-thread-1 - surgeryData.txt read over
