2019-05-04 14:16:19 INFO main - als data path: /Users/imddon/alsprj/alsprj-access/data
2019-05-04 14:16:48 INFO pool-2-thread-1 - Read data from surgeryData.txt
2019-05-04 14:16:48 INFO pool-2-thread-1 - surgeryData.txt read over
2019-05-04 14:17:14 INFO pool-2-thread-1 - Read data from surgeryData.txt
2019-05-04 14:17:14 INFO pool-2-thread-1 - surgeryData.txt read over
2019-05-04 14:18:22 INFO pool-2-thread-1 - Read data from surgeryData.txt
2019-05-04 14:18:22 INFO pool-2-thread-1 - surgeryData.txt read over
2019-05-04 14:52:14 INFO pool-2-thread-1 - Read data from surgeryData.txt
2019-05-04 14:52:14 INFO pool-2-thread-1 - surgeryData.txt read over
2019-05-04 14:52:28 INFO pool-2-thread-1 - Read data from surgeryData.txt
2019-05-04 14:52:28 ERROR pool-2-thread-1 - socket Connect lost send data failed
java.net.SocketException: Broken pipe (Write failed)
	at java.base/java.net.SocketOutputStream.socketWrite0(Native Method)
	at java.base/java.net.SocketOutputStream.socketWrite(SocketOutputStream.java:111)
	at java.base/java.net.SocketOutputStream.write(SocketOutputStream.java:155)
	at java.base/sun.nio.cs.StreamEncoder.writeBytes(StreamEncoder.java:233)
	at java.base/sun.nio.cs.StreamEncoder.implFlushBuffer(StreamEncoder.java:312)
	at java.base/sun.nio.cs.StreamEncoder.implFlush(StreamEncoder.java:316)
	at java.base/sun.nio.cs.StreamEncoder.flush(StreamEncoder.java:153)
	at java.base/java.io.OutputStreamWriter.flush(OutputStreamWriter.java:254)
	at java.base/java.io.BufferedWriter.flush(BufferedWriter.java:257)
	at zju.edu.als.client.DataSenderManager.sendData(DataSenderManager.java:40)
	at zju.edu.als.client.ALSFileTail.run(ALSFileTail.java:63)
	at java.base/java.util.concurrent.ThreadPoolExecutor.runWorker(ThreadPoolExecutor.java:1135)
	at java.base/java.util.concurrent.ThreadPoolExecutor$Worker.run(ThreadPoolExecutor.java:635)
	at java.base/java.lang.Thread.run(Thread.java:844)
2019-05-04 14:52:28 INFO pool-2-thread-1 - surgeryData.txt read over
2019-05-04 14:56:44 INFO pool-2-thread-1 - break
2019-05-04 14:56:52 INFO main - als data path: /Users/imddon/alsprj/alsprj-access/data
2019-05-04 14:56:53 INFO pool-1-thread-1 - Read data from surgeryData.txt
2019-05-04 14:56:53 INFO pool-1-thread-1 - surgeryData.txt read over
2019-05-04 14:57:24 INFO pool-1-thread-1 - Read data from surgeryData.txt
2019-05-04 14:57:24 INFO pool-1-thread-1 - surgeryData.txt read over
2019-05-04 14:58:54 INFO pool-1-thread-1 - break
