2019-05-04 00:06:48 ERROR main - build socket connect failed
java.net.ConnectException: Connection refused (Connection refused)
	at java.base/java.net.PlainSocketImpl.socketConnect(Native Method)
	at java.base/java.net.AbstractPlainSocketImpl.doConnect(AbstractPlainSocketImpl.java:400)
	at java.base/java.net.AbstractPlainSocketImpl.connectToAddress(AbstractPlainSocketImpl.java:243)
	at java.base/java.net.AbstractPlainSocketImpl.connect(AbstractPlainSocketImpl.java:225)
	at java.base/java.net.SocksSocketImpl.connect(SocksSocketImpl.java:402)
	at java.base/java.net.Socket.connect(Socket.java:591)
	at java.base/java.net.Socket.connect(Socket.java:540)
	at java.base/java.net.Socket.<init>(Socket.java:436)
	at java.base/java.net.Socket.<init>(Socket.java:213)
	at zju.edu.als.bridge.DataSenderManager.buildSocketAndOut(DataSenderManager.java:42)
	at zju.edu.als.bridge.DataSenderManager.buildSocketConnect(DataSenderManager.java:29)
	at zju.edu.als.bridge.BridgeMain.main(BridgeMain.java:17)
2019-05-04 00:06:53 ERROR main - build socket connect failed
java.net.ConnectException: Connection refused (Connection refused)
	at java.base/java.net.PlainSocketImpl.socketConnect(Native Method)
	at java.base/java.net.AbstractPlainSocketImpl.doConnect(AbstractPlainSocketImpl.java:400)
	at java.base/java.net.AbstractPlainSocketImpl.connectToAddress(AbstractPlainSocketImpl.java:243)
	at java.base/java.net.AbstractPlainSocketImpl.connect(AbstractPlainSocketImpl.java:225)
	at java.base/java.net.SocksSocketImpl.connect(SocksSocketImpl.java:402)
	at java.base/java.net.Socket.connect(Socket.java:591)
	at java.base/java.net.Socket.connect(Socket.java:540)
	at java.base/java.net.Socket.<init>(Socket.java:436)
	at java.base/java.net.Socket.<init>(Socket.java:213)
	at zju.edu.als.bridge.DataSenderManager.buildSocketAndOut(DataSenderManager.java:42)
	at zju.edu.als.bridge.DataSenderManager.buildSocketConnect(DataSenderManager.java:29)
	at zju.edu.als.bridge.BridgeMain.main(BridgeMain.java:17)
2019-05-04 00:06:58 ERROR main - build socket connect failed
java.net.ConnectException: Connection refused (Connection refused)
	at java.base/java.net.PlainSocketImpl.socketConnect(Native Method)
	at java.base/java.net.AbstractPlainSocketImpl.doConnect(AbstractPlainSocketImpl.java:400)
	at java.base/java.net.AbstractPlainSocketImpl.connectToAddress(AbstractPlainSocketImpl.java:243)
	at java.base/java.net.AbstractPlainSocketImpl.connect(AbstractPlainSocketImpl.java:225)
	at java.base/java.net.SocksSocketImpl.connect(SocksSocketImpl.java:402)
	at java.base/java.net.Socket.connect(Socket.java:591)
	at java.base/java.net.Socket.connect(Socket.java:540)
	at java.base/java.net.Socket.<init>(Socket.java:436)
	at java.base/java.net.Socket.<init>(Socket.java:213)
	at zju.edu.als.bridge.DataSenderManager.buildSocketAndOut(DataSenderManager.java:42)
	at zju.edu.als.bridge.DataSenderManager.buildSocketConnect(DataSenderManager.java:29)
	at zju.edu.als.bridge.BridgeMain.main(BridgeMain.java:17)
